<?xml version="1.0" encoding="UTF-8"?>
<testng-results ignored="0" total="2" passed="2" failed="0" skipped="0">
  <reporter-output>
  </reporter-output>
  <suite started-at="2019-07-03T16:43:48Z" name="Default suite" finished-at="2019-07-03T16:43:49Z" duration-ms="71">
    <groups>
    </groups>
    <test started-at="2019-07-03T16:43:48Z" name="Default test" finished-at="2019-07-03T16:43:49Z" duration-ms="71">
      <class name="com.TestNG.Testng_Basics">
        <test-method is-config="true" signature="setup()[pri:0, instance:com.TestNG.Testng_Basics@6497b078]" started-at="2019-07-03T16:43:48Z" name="setup" finished-at="2019-07-03T16:43:48Z" duration-ms="20" status="PASS">
          <reporter-output>
          </reporter-output>
        </test-method> <!-- setup -->
        <test-method is-config="true" signature="launchbrowser()[pri:0, instance:com.TestNG.Testng_Basics@6497b078]" started-at="2019-07-03T16:43:49Z" name="launchbrowser" finished-at="2019-07-03T16:43:49Z" duration-ms="0" status="PASS">
          <reporter-output>
          </reporter-output>
        </test-method> <!-- launchbrowser -->
        <test-method signature="test_02()[pri:1, instance:com.TestNG.Testng_Basics@6497b078]" started-at="2019-07-03T16:43:49Z" name="test_02" finished-at="2019-07-03T16:43:49Z" duration-ms="15" status="PASS">
          <reporter-output>
          </reporter-output>
        </test-method> <!-- test_02 -->
        <test-method is-config="true" signature="url()[pri:0, instance:com.TestNG.Testng_Basics@6497b078]" started-at="2019-07-03T16:43:49Z" name="url" finished-at="2019-07-03T16:43:49Z" duration-ms="0" status="PASS">
          <reporter-output>
          </reporter-output>
        </test-method> <!-- url -->
        <test-method is-config="true" signature="url()[pri:0, instance:com.TestNG.Testng_Basics@6497b078]" started-at="2019-07-03T16:43:49Z" name="url" finished-at="2019-07-03T16:43:49Z" duration-ms="5" status="PASS">
          <reporter-output>
          </reporter-output>
        </test-method> <!-- url -->
        <test-method is-config="true" signature="logout()[pri:0, instance:com.TestNG.Testng_Basics@6497b078]" started-at="2019-07-03T16:43:49Z" name="logout" finished-at="2019-07-03T16:43:49Z" duration-ms="0" status="PASS">
          <reporter-output>
          </reporter-output>
        </test-method> <!-- logout -->
        <test-method signature="test_01()[pri:2, instance:com.TestNG.Testng_Basics@6497b078]" started-at="2019-07-03T16:43:49Z" name="test_01" finished-at="2019-07-03T16:43:49Z" duration-ms="5" status="PASS">
          <reporter-output>
          </reporter-output>
        </test-method> <!-- test_01 -->
        <test-method is-config="true" signature="deleteallcookies()[pri:0, instance:com.TestNG.Testng_Basics@6497b078]" started-at="2019-07-03T16:43:49Z" name="deleteallcookies" finished-at="2019-07-03T16:43:49Z" duration-ms="0" status="PASS">
          <reporter-output>
          </reporter-output>
        </test-method> <!-- deleteallcookies -->
        <test-method is-config="true" signature="logout()[pri:0, instance:com.TestNG.Testng_Basics@6497b078]" started-at="2019-07-03T16:43:49Z" name="logout" finished-at="2019-07-03T16:43:49Z" duration-ms="0" status="PASS">
          <reporter-output>
          </reporter-output>
        </test-method> <!-- logout -->
      </class> <!-- com.TestNG.Testng_Basics -->
    </test> <!-- Default test -->
  </suite> <!-- Default suite -->
</testng-results>
